[2024-03-22 23:41:40.463] [info] Updating Model file from 40000 to latest format...
[2024-03-22 23:41:40.521] [info] Loaded model RajagopalLaiUhlrichEsrafilian2024_MedLatKnee from file D:\Git_Win\EMG_COMAK_dev\EMG-Assisted-COMAK\Bindings\Java\Matlab\examples\JAM\models\healthy\Rajagopal\Rajagopal_v4.5\RajagopalLaiUhlrichEsrafilian2024_MedLatKnee.osim
[2024-03-22 23:41:40.525] [warning] Couldn't find file 'sphere.vtp'.
[2024-03-22 23:41:40.525] [warning] Couldn't find file 'sphere.vtp'.
[2024-03-22 23:41:40.527] [warning] Couldn't find file 'sphere.vtp'.
[2024-03-22 23:41:40.527] [warning] Couldn't find file 'sphere.vtp'.
[2024-03-22 23:42:52.404] [info] Updating Model file from 40000 to latest format...
[2024-03-22 23:42:52.455] [info] Loaded model RajagopalLaiUhlrichEsrafilian2024_MedLatKnee from file D:\Git_Win\EMG_COMAK_dev\EMG-Assisted-COMAK\Bindings\Java\Matlab\examples\JAM\models\healthy\Rajagopal\Rajagopal_v4.5\RajagopalLaiUhlrichEsrafilian2024_MedLatKnee.osim
[2024-03-22 23:42:52.457] [warning] Couldn't find file 'sphere.vtp'.
[2024-03-22 23:42:52.458] [warning] Couldn't find file 'sphere.vtp'.
[2024-03-22 23:42:52.459] [warning] Couldn't find file 'sphere.vtp'.
[2024-03-22 23:42:52.459] [warning] Couldn't find file 'sphere.vtp'.
[2024-03-22 23:43:04.763] [info] Updating Model file from 40000 to latest format...
[2024-03-22 23:43:04.818] [info] Loaded model RajagopalLaiUhlrichEsrafilian2024_MedLatKnee from file D:\Git_Win\EMG_COMAK_dev\EMG-Assisted-COMAK\Bindings\Java\Matlab\examples\JAM\models\healthy\Rajagopal\Rajagopal_v4.5\RajagopalLaiUhlrichEsrafilian2024_MedLatKnee.osim
[2024-03-22 23:43:04.821] [warning] Couldn't find file 'sphere.vtp'.
[2024-03-22 23:43:04.821] [warning] Couldn't find file 'sphere.vtp'.
[2024-03-22 23:43:04.823] [warning] Couldn't find file 'sphere.vtp'.
[2024-03-22 23:43:04.823] [warning] Couldn't find file 'sphere.vtp'.
[2024-03-25 12:47:32.712] [info] Updating Model file from 40000 to latest format...
[2024-03-25 12:47:32.770] [info] Loaded model Rajagopal2016 from file D:\Git_Win\EMG_COMAK_dev\EMG-Assisted-COMAK\Bindings\Java\Matlab\examples\JAM\models\healthy\Rajagopal\Rajagopal_v4.5\Rajagopal2016.osim
[2024-03-25 12:55:39.586] [info] Updating Model file from 40000 to latest format...
[2024-03-25 12:55:39.622] [info] Loaded model Rajagopal2016 from file D:\Git_Win\EMG_COMAK_dev\EMG-Assisted-COMAK\Bindings\Java\Matlab\examples\JAM\models\healthy\Rajagopal\Rajagopal_v4.5\Rajagopal2016_Esrafilian2024_MedLatKnee.osim
[2024-03-25 13:23:44.801] [info] Updating Model file from 40000 to latest format...
[2024-03-25 13:23:44.833] [info] Loaded model Rajagopal2016 from file D:\Git_Win\EMG_COMAK_dev\EMG-Assisted-COMAK\Bindings\Java\Matlab\examples\JAM\models\healthy\Rajagopal\Rajagopal_v4.5\Rajagopal2016_Esrafilian2024_MedLatKnee.osim
[2024-03-25 13:30:38.586] [info] Updating Model file from 40000 to latest format...
[2024-03-25 13:30:38.620] [info] Loaded model Rajagopal2016_Esrafilian2024_MedLatKnee from file D:\Git_Win\EMG_COMAK_dev\EMG-Assisted-COMAK\Bindings\Java\Matlab\examples\JAM\models\healthy\Rajagopal\Rajagopal_v4.5\Rajagopal2016_Esrafilian2024_MedLatKnee.osim
[2024-03-25 13:31:58.717] [info] Updating Model file from 40000 to latest format...
[2024-03-25 13:31:58.750] [info] Loaded model Rajagopal2016_Esrafilian2024_MedLatKnee from file D:\Git_Win\EMG_COMAK_dev\EMG-Assisted-COMAK\Bindings\Java\Matlab\examples\JAM\models\healthy\Rajagopal\Rajagopal_v4.5\Rajagopal2016_Esrafilian2024_MedLatKnee.osim
[2024-03-25 13:32:07.799] [info] Updating Model file from 40000 to latest format...
[2024-03-25 13:32:07.834] [info] Loaded model Rajagopal2016_Esrafilian2024_MedLatKnee from file D:\Git_Win\EMG_COMAK_dev\EMG-Assisted-COMAK\Bindings\Java\Matlab\examples\JAM\models\healthy\Rajagopal\Rajagopal_v4.5\Rajagopal2016_Esrafilian2024_MedLatKnee.osim
[2024-03-25 13:34:13.722] [info] Updating Model file from 40000 to latest format...
[2024-03-25 13:34:13.757] [info] Loaded model Rajagopal2016_Esrafilian2024_MedLatKnee from file D:\Git_Win\EMG_COMAK_dev\EMG-Assisted-COMAK\Bindings\Java\Matlab\examples\JAM\models\healthy\Rajagopal\Rajagopal_v4.5\Rajagopal2016_Esrafilian2024_MedLatKnee.osim
[2024-03-25 13:34:25.018] [info] Updating Model file from 40000 to latest format...
[2024-03-25 13:34:25.050] [info] Loaded model Rajagopal2016 from file D:\Git_Win\EMG_COMAK_dev\EMG-Assisted-COMAK\Bindings\Java\Matlab\examples\JAM\models\healthy\Rajagopal\Rajagopal_v4.5\Rajagopal2016.osim
